c:\users\user\source\repos\supermarket\supermarket\debug\vc141.pdb
c:\users\user\source\repos\supermarket\supermarket\debug\vc141.idb
c:\users\user\source\repos\supermarket\supermarket\debug\source.obj
c:\users\user\source\repos\supermarket\supermarket\debug\purchasehistory.obj
c:\users\user\source\repos\supermarket\supermarket\debug\product.obj
c:\users\user\source\repos\supermarket\supermarket\debug\paycheck.obj
c:\users\user\source\repos\supermarket\supermarket\debug\date.obj
c:\users\user\source\repos\supermarket\supermarket\debug\purchaseitem.obj
c:\users\user\source\repos\supermarket\supermarket\debug\controller.obj
c:\users\user\source\repos\supermarket\debug\supermarket.ilk
c:\users\user\source\repos\supermarket\debug\supermarket.exe
c:\users\user\source\repos\supermarket\debug\supermarket.pdb
c:\users\user\source\repos\supermarket\supermarket\debug\date.nativecodeanalysis.xml
c:\users\user\source\repos\supermarket\supermarket\debug\paycheck.nativecodeanalysis.xml
c:\users\user\source\repos\supermarket\supermarket\debug\product.nativecodeanalysis.xml
c:\users\user\source\repos\supermarket\supermarket\debug\purchasehistory.nativecodeanalysis.xml
c:\users\user\source\repos\supermarket\supermarket\debug\purchaseitem.nativecodeanalysis.xml
c:\users\user\source\repos\supermarket\supermarket\debug\supermarket.tlog\cl.command.1.tlog
c:\users\user\source\repos\supermarket\supermarket\debug\supermarket.tlog\cl.read.1.tlog
c:\users\user\source\repos\supermarket\supermarket\debug\supermarket.tlog\cl.write.1.tlog
c:\users\user\source\repos\supermarket\supermarket\debug\supermarket.tlog\link.command.1.tlog
c:\users\user\source\repos\supermarket\supermarket\debug\supermarket.tlog\link.read.1.tlog
c:\users\user\source\repos\supermarket\supermarket\debug\supermarket.tlog\link.write.1.tlog
